<?xml version="1.0" encoding="UTF-8"?>
<!-- Generated by org.testng.reporters.JUnitXMLReporter -->
<testsuite hostname="9854551s-MBP" ignored="0" name="Basics" tests="5" failures="0" timestamp="2020-06-16T16:12:07 BST" time="0.047" errors="0">
  <testcase name="meditateTest1" time="0.007" classname="testNG_Basics.Meditation"/>
  <testcase name="meditateTest2" time="0.001" classname="testNG_Basics.Meditation"/>
  <testcase name="meditateTest3" time="0.001" classname="testNG_Basics.Meditation"/>
  <testcase name="yogaTest1" time="0.001" classname="testNG_Basics.Yoga"/>
  <testcase name="yogaTest2" time="0.001" classname="testNG_Basics.Yoga"/>
</testsuite> <!-- Basics -->
