<?xml version="1.0" encoding="UTF-8"?>
<!-- Generated by org.testng.reporters.JUnitXMLReporter -->
<testsuite hostname="9854551s-MBP" ignored="0" name="dataprovider" tests="5" failures="0" timestamp="2020-06-16T19:14:22 BST" time="0.053" errors="0">
  <testcase name="yogaTest1" time="0.007" classname="testNG_Basics.Yoga"/>
  <testcase name="yogaTest3" time="0.002" classname="testNG_Basics.Yoga"/>
  <testcase name="yogaTest3" time="0.001" classname="testNG_Basics.Yoga"/>
  <testcase name="yogaTest3" time="0.001" classname="testNG_Basics.Yoga"/>
  <testcase name="yogaTest2" time="0.001" classname="testNG_Basics.Yoga"/>
</testsuite> <!-- dataprovider -->
