<?xml version="1.0" encoding="UTF-8"?>
<!-- Generated by org.testng.reporters.JUnitXMLReporter -->
<testsuite hostname="9854551s-MBP" ignored="3" name="Health" tests="2" failures="0" timestamp="2020-06-15T21:50:33 BST" time="0.006" errors="0">
  <testcase name="meditateTest1" time="0.001" classname="testNG_Basics.Meditation"/>
  <testcase name="meditateTest3" time="0.001" classname="testNG_Basics.Meditation"/>
  <testcase name="yogaTest2" time="0.0" classname="testNG_Basics.Yoga">
    <ignored/>
  </testcase> <!-- yogaTest2 -->
  <testcase name="yogaTest1" time="0.0" classname="testNG_Basics.Yoga">
    <ignored/>
  </testcase> <!-- yogaTest1 -->
  <testcase name="meditateTest2" time="0.0" classname="testNG_Basics.Meditation">
    <ignored/>
  </testcase> <!-- meditateTest2 -->
</testsuite> <!-- Health -->
