<?xml version="1.0" encoding="UTF-8"?>
<!-- Generated by org.testng.reporters.JUnitXMLReporter -->
<testsuite hostname="9854551s-MBP" ignored="0" name="Listeners" tests="3" failures="1" timestamp="2020-06-16T20:07:12 BST" time="0.044" errors="0">
  <testcase name="eCommTest1" time="0.007" classname="testNG_Basics.ECommerce"/>
  <testcase name="eCommTest2" time="0.001" classname="testNG_Basics.ECommerce"/>
  <testcase name="eCommTest3" time="0.003" classname="testNG_Basics.ECommerce">
    <failure type="java.lang.AssertionError" message="expected [true] but found [false]">
      <![CDATA[java.lang.AssertionError: expected [true] but found [false]
at testNG_Basics.ECommerce.eCommTest3(ECommerce.java:22)
at java.util.ArrayList.forEach(ArrayList.java:1257)
... Removed 31 stack frames]]>
    </failure>
  </testcase> <!-- eCommTest3 -->
</testsuite> <!-- Listeners -->
