<?xml version="1.0" encoding="UTF-8"?>
<!-- Generated by org.testng.reporters.JUnitXMLReporter -->
<testsuite hostname="9854551s-MBP" ignored="0" name="LoanModule" tests="5" failures="0" timestamp="2020-07-07T22:33:31 BST" time="0.048" errors="0">
  <testcase name="CricektH" time="0.006" classname="testNG_Basics.SportsLoan"/>
  <testcase name="CricketA" time="0.0" classname="testNG_Basics.SportsLoan"/>
  <testcase name="HomeH" time="0.001" classname="testNG_Basics.HomeLoans"/>
  <testcase name="HomeR" time="0.001" classname="testNG_Basics.HomeLoans"/>
  <testcase name="Homes" time="0.001" classname="testNG_Basics.HomeLoans"/>
</testsuite> <!-- LoanModule -->
