<?xml version="1.0" encoding="UTF-8"?>
<!-- Generated by org.testng.reporters.JUnitXMLReporter -->
<testsuite hostname="9854551s-MBP" ignored="6" name="Regression" tests="3" failures="0" timestamp="2020-06-16T19:10:31 BST" time="0.048" errors="0">
  <testcase name="meditateTest2" time="0.007" classname="testNG_Basics.Meditation"/>
  <testcase name="meditateTest5" time="0.001" classname="testNG_Basics.Meditation"/>
  <testcase name="yogaTest1" time="0.002" classname="testNG_Basics.Yoga"/>
  <testcase name="yogaTest2" time="0.0" classname="testNG_Basics.Yoga">
    <ignored/>
  </testcase> <!-- yogaTest2 -->
  <testcase name="meditateTest6" time="0.0" classname="testNG_Basics.Meditation">
    <ignored/>
  </testcase> <!-- meditateTest6 -->
  <testcase name="meditateTest1" time="0.0" classname="testNG_Basics.Meditation">
    <ignored/>
  </testcase> <!-- meditateTest1 -->
  <testcase name="yogaTest3" time="0.0" classname="testNG_Basics.Yoga">
    <ignored/>
  </testcase> <!-- yogaTest3 -->
  <testcase name="meditateTest3" time="0.0" classname="testNG_Basics.Meditation">
    <ignored/>
  </testcase> <!-- meditateTest3 -->
  <testcase name="meditateTest4" time="0.0" classname="testNG_Basics.Meditation">
    <ignored/>
  </testcase> <!-- meditateTest4 -->
</testsuite> <!-- Regression -->
