<?xml version="1.0" encoding="UTF-8"?>
<!-- Generated by org.testng.reporters.JUnitXMLReporter -->
<testsuite hostname="9854551s-MBP" ignored="0" name="Test" tests="7" failures="0" timestamp="2020-06-15T21:17:49 BST" time="0.05" errors="0">
  <testcase name="eCommTest1" time="0.007" classname="testNG_Basics.ECommerce"/>
  <testcase name="eCommTest2" time="0.001" classname="testNG_Basics.ECommerce"/>
  <testcase name="eCommTest3" time="0.001" classname="testNG_Basics.ECommerce"/>
  <testcase name="shopCartTest1" time="0.001" classname="testNG_Basics.Shopping"/>
  <testcase name="shopCartTest2" time="0.0" classname="testNG_Basics.Shopping"/>
  <testcase name="yogaTest1" time="0.0" classname="testNG_Basics.Yoga"/>
  <testcase name="yogaTest2" time="0.001" classname="testNG_Basics.Yoga"/>
</testsuite> <!-- Test -->
