<?xml version="1.0" encoding="UTF-8"?>
<testng-results skipped="0" failed="0" ignored="0" total="5" passed="5">
  <reporter-output>
  </reporter-output>
  <suite name="Suite" duration-ms="48" started-at="2020-07-07T22:33:31 BST" finished-at="2020-07-07T22:33:31 BST">
    <groups>
    </groups>
    <test name="LoanModule" duration-ms="48" started-at="2020-07-07T22:33:31 BST" finished-at="2020-07-07T22:33:31 BST">
      <class name="testNG_Basics.HomeLoans">
        <test-method status="PASS" signature="HomeH(java.lang.String)[pri:0, instance:testNG_Basics.HomeLoans@57536d79]" name="HomeH" duration-ms="1" started-at="2020-07-07T22:33:31 BST" finished-at="2020-07-07T22:33:31 BST">
          <params>
            <param index="0">
              <value>
                <![CDATA[https://google.com]]>
              </value>
            </param>
          </params>
          <reporter-output>
          </reporter-output>
        </test-method> <!-- HomeH -->
        <test-method status="PASS" signature="HomeR()[pri:0, instance:testNG_Basics.HomeLoans@57536d79]" name="HomeR" duration-ms="1" started-at="2020-07-07T22:33:31 BST" finished-at="2020-07-07T22:33:31 BST">
          <reporter-output>
          </reporter-output>
        </test-method> <!-- HomeR -->
        <test-method status="PASS" signature="Homes(java.lang.String, java.lang.String)[pri:0, instance:testNG_Basics.HomeLoans@57536d79]" name="Homes" duration-ms="1" started-at="2020-07-07T22:33:31 BST" finished-at="2020-07-07T22:33:31 BST">
          <params>
            <param index="0">
              <value>
                <![CDATA[https://google.com]]>
              </value>
            </param>
            <param index="1">
              <value>
                <![CDATA[Furlough]]>
              </value>
            </param>
          </params>
          <reporter-output>
          </reporter-output>
        </test-method> <!-- Homes -->
      </class> <!-- testNG_Basics.HomeLoans -->
      <class name="testNG_Basics.SportsLoan">
        <test-method status="PASS" signature="CricektH()[pri:0, instance:testNG_Basics.SportsLoan@6ddf90b0]" name="CricektH" duration-ms="6" started-at="2020-07-07T22:33:31 BST" finished-at="2020-07-07T22:33:31 BST">
          <reporter-output>
          </reporter-output>
        </test-method> <!-- CricektH -->
        <test-method status="PASS" signature="CricketA()[pri:0, instance:testNG_Basics.SportsLoan@6ddf90b0]" name="CricketA" duration-ms="0" started-at="2020-07-07T22:33:31 BST" finished-at="2020-07-07T22:33:31 BST">
          <reporter-output>
          </reporter-output>
        </test-method> <!-- CricketA -->
      </class> <!-- testNG_Basics.SportsLoan -->
    </test> <!-- LoanModule -->
  </suite> <!-- Suite -->
</testng-results>
